[2025-10-19 10:37:58] [main] INFO  scripts.ProfileTest - 🔹 Test Data: Email=hieu002@gmail.com, DiaDiem=, Phong=
[2025-10-19 10:37:58] [main] INFO  scripts.ProfileTest - ➡ Mở modal đăng nhập...
[2025-10-19 10:38:09] [main] INFO  pages.profile.ProfilePage - Click thành công: By.xpath: //img[contains(@class,'h-10')]
[2025-10-19 10:38:09] [main] INFO  pages.profile.ProfilePage - Đã mở modal đăng nhập
[2025-10-19 10:38:09] [main] INFO  scripts.ProfileTest - ➡ Thực hiện login với email: hieu002@gmail.com
[2025-10-19 10:38:09] [main] INFO  scripts.ProfileTest - ➡ Điều hướng đến trang Thông tin người dùng...
[2025-10-19 10:38:09] [main] WARN  pages.profile.ProfilePage - ⚠ Dùng JS click fallback cho: By.xpath: //img[contains(@class,'h-10')]
[2025-10-19 10:38:10] [main] INFO  pages.profile.ProfilePage - Click thành công: By.xpath: //a[contains(@href,'/info-user') or text()='Dashboard']
[2025-10-19 10:38:10] [main] INFO  pages.profile.ProfilePage - Đã điều hướng đến trang info-user
[2025-10-19 10:38:10] [main] INFO  scripts.ProfileTest - ➡ Cập nhật ảnh đại diện từ file: C:\folder\Tester\Testing05_Nhom2-HoaiHieu_Profile/src/test/resources/avatar2.png
[2025-10-19 10:38:10] [main] INFO  pages.profile.ProfilePage - Click thành công: By.xpath: //button[contains(.,'Cập nhật ảnh')]
[2025-10-19 10:38:10] [main] INFO  pages.profile.ProfilePage - Upload ảnh thành công: C:\folder\Tester\Testing05_Nhom2-HoaiHieu_Profile/src/test/resources/avatar2.png
[2025-10-19 10:38:10] [main] INFO  scripts.ProfileTest - ➡ Click nút Upload Avatar
[2025-10-19 10:38:37] [main] INFO  scripts.ProfileTest - 🔹 Test Data: Email=hieu002@gmail.com, DiaDiem=, Phong=
[2025-10-19 10:38:37] [main] INFO  scripts.ProfileTest - ➡ Mở modal đăng nhập...
[2025-10-19 10:38:47] [main] INFO  pages.profile.ProfilePage - Click thành công: By.xpath: //img[contains(@class,'h-10')]
[2025-10-19 10:38:47] [main] INFO  pages.profile.ProfilePage - Đã mở modal đăng nhập
[2025-10-19 10:38:47] [main] INFO  scripts.ProfileTest - ➡ Thực hiện login với email: hieu002@gmail.com
[2025-10-19 10:38:48] [main] INFO  scripts.ProfileTest - ➡ Điều hướng đến trang Thông tin người dùng...
[2025-10-19 10:38:48] [main] INFO  pages.profile.ProfilePage - Click thành công: By.xpath: //img[contains(@class,'h-10')]
[2025-10-19 10:38:49] [main] INFO  pages.profile.ProfilePage - Click thành công: By.xpath: //a[contains(@href,'/info-user') or text()='Dashboard']
[2025-10-19 10:39:46] [main] INFO  scripts.ProfileTest - 🔹 Test Data: Email=hieu002@gmail.com, DiaDiem=, Phong=
[2025-10-19 10:39:46] [main] INFO  scripts.ProfileTest - ➡ Mở modal đăng nhập...
[2025-10-19 10:39:56] [main] INFO  pages.profile.ProfilePage - Click thành công: By.xpath: //img[contains(@class,'h-10')]
[2025-10-19 10:39:56] [main] INFO  pages.profile.ProfilePage - Đã mở modal đăng nhập
[2025-10-19 10:39:56] [main] INFO  scripts.ProfileTest - ➡ Thực hiện login với email: hieu002@gmail.com
[2025-10-19 10:39:57] [main] INFO  scripts.ProfileTest - ➡ Điều hướng đến trang Thông tin người dùng...
[2025-10-19 10:39:57] [main] INFO  pages.profile.ProfilePage - Click thành công: By.xpath: //img[contains(@class,'h-10')]
[2025-10-19 10:39:58] [main] INFO  pages.profile.ProfilePage - Click thành công: By.xpath: //a[contains(@href,'/info-user') or text()='Dashboard']
[2025-10-19 10:40:00] [main] INFO  pages.profile.ProfilePage - Đã điều hướng đến trang info-user
[2025-10-19 10:40:00] [main] INFO  scripts.ProfileTest - ➡ Cập nhật ảnh đại diện từ file: C:\folder\Tester\Testing05_Nhom2-HoaiHieu_Profile/src/test/resources/avatar2.png
[2025-10-19 10:40:00] [main] INFO  pages.profile.ProfilePage - Click thành công: By.xpath: //button[contains(.,'Cập nhật ảnh')]
[2025-10-19 10:40:00] [main] INFO  pages.profile.ProfilePage - Upload ảnh thành công: C:\folder\Tester\Testing05_Nhom2-HoaiHieu_Profile/src/test/resources/avatar2.png
[2025-10-19 10:40:00] [main] INFO  scripts.ProfileTest - ➡ Click nút Upload Avatar
[2025-10-19 10:40:01] [main] INFO  pages.profile.ProfilePage - Đã click nút Upload Avatar thành công
[2025-10-19 10:40:01] [main] INFO  scripts.ProfileTest - ➡ Thực hiện chỉnh sửa hồ sơ...
[2025-10-19 10:40:01] [main] INFO  pages.profile.ProfilePage - Click thành công: By.xpath: //button[contains(.,'Chỉnh sửa hồ sơ')]
[2025-10-19 10:40:01] [main] INFO  pages.profile.ProfilePage - Đã mở popup Chỉnh sửa hồ sơ
[2025-10-19 10:40:02] [main] INFO  pages.profile.ProfilePage - Nhập họ tên: Nguyễn Hân
[2025-10-19 10:40:03] [main] INFO  pages.profile.ProfilePage - Nhập số điện thoại: 0987456321
[2025-10-19 10:40:03] [main] INFO  pages.profile.ProfilePage - Nhập ngày sinh: 01/01/2000
[2025-10-19 10:40:03] [main] INFO  pages.profile.ProfilePage - Click thành công: By.xpath: //button[normalize-space()='Cập nhật']
[2025-10-19 10:40:03] [main] INFO  pages.profile.ProfilePage - Đã cập nhật hồ sơ: Nguyễn Hân - 0987456321 - 01/01/2000
[2025-10-19 10:40:03] [main] INFO  scripts.ProfileTest - Hồ sơ người dùng được cập nhật thành công!
[2025-10-19 10:40:32] [main] INFO  scripts.ProfileTest - 🔹 Test Data: Email=hieu002@gmail.com, DiaDiem=, Phong=
[2025-10-19 10:40:32] [main] INFO  scripts.ProfileTest - ➡ Mở modal đăng nhập...
[2025-10-19 10:40:43] [main] INFO  pages.profile.ProfilePage - Click thành công: By.xpath: //img[contains(@class,'h-10')]
[2025-10-19 10:40:43] [main] INFO  pages.profile.ProfilePage - Đã mở modal đăng nhập
[2025-10-19 10:40:43] [main] INFO  scripts.ProfileTest - ➡ Thực hiện login với email: hieu002@gmail.com
[2025-10-19 10:40:44] [main] INFO  scripts.ProfileTest - ➡ Điều hướng đến trang Thông tin người dùng...
[2025-10-19 10:40:44] [main] INFO  pages.profile.ProfilePage - Click thành công: By.xpath: //img[contains(@class,'h-10')]
[2025-10-19 10:40:45] [main] INFO  pages.profile.ProfilePage - Click thành công: By.xpath: //a[contains(@href,'/info-user') or text()='Dashboard']
[2025-10-19 10:40:45] [main] INFO  pages.profile.ProfilePage - Đã điều hướng đến trang info-user
[2025-10-19 10:40:45] [main] INFO  scripts.ProfileTest - ➡ Cập nhật ảnh đại diện từ file: C:\folder\Tester\Testing05_Nhom2-HoaiHieu_Profile/src/test/resources/avatar2.png
[2025-10-19 10:40:45] [main] INFO  pages.profile.ProfilePage - Click thành công: By.xpath: //button[contains(.,'Cập nhật ảnh')]
[2025-10-19 10:40:45] [main] INFO  pages.profile.ProfilePage - Upload ảnh thành công: C:\folder\Tester\Testing05_Nhom2-HoaiHieu_Profile/src/test/resources/avatar2.png
[2025-10-19 10:40:45] [main] INFO  scripts.ProfileTest - ➡ Click nút Upload Avatar
[2025-10-19 10:40:45] [main] INFO  pages.profile.ProfilePage - Đã click nút Upload Avatar thành công
[2025-10-19 10:40:45] [main] INFO  scripts.ProfileTest - ➡ Thực hiện chỉnh sửa hồ sơ...
[2025-10-19 10:40:45] [main] INFO  pages.profile.ProfilePage - Click thành công: By.xpath: //button[contains(.,'Chỉnh sửa hồ sơ')]
[2025-10-19 10:40:45] [main] INFO  pages.profile.ProfilePage - Đã mở popup Chỉnh sửa hồ sơ
[2025-10-19 10:40:47] [main] INFO  pages.profile.ProfilePage - Nhập họ tên: Nguyễn Hân
[2025-10-19 10:40:47] [main] INFO  pages.profile.ProfilePage - Nhập số điện thoại: 0987456321
[2025-10-19 10:40:47] [main] INFO  pages.profile.ProfilePage - Nhập ngày sinh: 01/01/2000
[2025-10-19 10:40:47] [main] INFO  pages.profile.ProfilePage - Click thành công: By.xpath: //button[normalize-space()='Cập nhật']
[2025-10-19 10:40:47] [main] INFO  pages.profile.ProfilePage - Đã cập nhật hồ sơ: Nguyễn Hân - 0987456321 - 01/01/2000
[2025-10-19 10:40:47] [main] INFO  scripts.ProfileTest - Hồ sơ người dùng được cập nhật thành công!
[2025-10-19 10:42:27] [main] INFO  scripts.ProfileTest - 🔹 Test Data: Email=hieu002@gmail.com, DiaDiem=, Phong=
[2025-10-19 10:42:27] [main] INFO  scripts.ProfileTest - ➡ Mở modal đăng nhập...
[2025-10-19 10:42:38] [main] INFO  pages.profile.ProfilePage - Click thành công: By.xpath: //img[contains(@class,'h-10')]
[2025-10-19 10:42:38] [main] INFO  pages.profile.ProfilePage - Đã mở modal đăng nhập
[2025-10-19 10:42:38] [main] INFO  scripts.ProfileTest - ➡ Thực hiện login với email: hieu002@gmail.com
[2025-10-19 10:42:38] [main] INFO  scripts.ProfileTest - ➡ Điều hướng đến trang Thông tin người dùng...
[2025-10-19 10:42:38] [main] WARN  pages.profile.ProfilePage - ⚠ Dùng JS click fallback cho: By.xpath: //img[contains(@class,'h-10')]
[2025-10-19 10:42:39] [main] INFO  pages.profile.ProfilePage - Click thành công: By.xpath: //a[contains(@href,'/info-user') or text()='Dashboard']
[2025-10-19 10:42:39] [main] INFO  pages.profile.ProfilePage - Đã điều hướng đến trang info-user
[2025-10-19 10:42:39] [main] INFO  scripts.ProfileTest - ➡ Cập nhật ảnh đại diện từ file: C:\folder\Tester\Testing05_Nhom2-HoaiHieu_Profile/src/test/resources/avatar2.png
[2025-10-19 10:42:39] [main] INFO  pages.profile.ProfilePage - Click thành công: By.xpath: //button[contains(.,'Cập nhật ảnh')]
[2025-10-19 10:42:39] [main] INFO  pages.profile.ProfilePage - Upload ảnh thành công: C:\folder\Tester\Testing05_Nhom2-HoaiHieu_Profile/src/test/resources/avatar2.png
[2025-10-19 10:42:39] [main] INFO  scripts.ProfileTest - ➡ Click nút Upload Avatar
[2025-10-19 10:42:39] [main] WARN  pages.profile.ProfilePage - Click trực tiếp thất bại, thử click bằng JS
[2025-10-19 10:44:19] [main] INFO  scripts.ProfileTest - 🔹 Test Data: Email=hieu002@gmail.com, DiaDiem=, Phong=
[2025-10-19 10:44:19] [main] INFO  scripts.ProfileTest - ➡ Mở modal đăng nhập...
[2025-10-19 10:44:30] [main] INFO  pages.profile.ProfilePage - Click thành công: By.xpath: //img[contains(@class,'h-10')]
[2025-10-19 10:44:30] [main] INFO  pages.profile.ProfilePage - Đã mở modal đăng nhập
[2025-10-19 10:44:30] [main] INFO  scripts.ProfileTest - ➡ Thực hiện login với email: hieu002@gmail.com
[2025-10-19 10:44:30] [main] INFO  scripts.ProfileTest - ➡ Điều hướng đến trang Thông tin người dùng...
[2025-10-19 10:44:31] [main] INFO  pages.profile.ProfilePage - Click thành công: By.xpath: //img[contains(@class,'h-10')]
[2025-10-19 10:44:31] [main] INFO  pages.profile.ProfilePage - Click thành công: By.xpath: //a[contains(@href,'/info-user') or text()='Dashboard']
[2025-10-19 10:44:31] [main] INFO  pages.profile.ProfilePage - Đã điều hướng đến trang info-user
[2025-10-19 10:44:31] [main] INFO  scripts.ProfileTest - ➡ Cập nhật ảnh đại diện từ file: C:\folder\Tester\Testing05_Nhom2-HoaiHieu_Profile/src/test/resources/avatar3.png
[2025-10-19 10:44:32] [main] INFO  pages.profile.ProfilePage - Click thành công: By.xpath: //button[contains(.,'Cập nhật ảnh')]
[2025-10-19 10:44:32] [main] INFO  pages.profile.ProfilePage - Upload ảnh thành công: C:\folder\Tester\Testing05_Nhom2-HoaiHieu_Profile/src/test/resources/avatar3.png
[2025-10-19 10:44:32] [main] INFO  scripts.ProfileTest - ➡ Click nút Upload Avatar
[2025-10-19 10:44:32] [main] INFO  pages.profile.ProfilePage - Đã click nút Upload Avatar thành công
[2025-10-19 10:44:32] [main] INFO  scripts.ProfileTest - ➡ Thực hiện chỉnh sửa hồ sơ...
[2025-10-19 10:44:32] [main] INFO  pages.profile.ProfilePage - Click thành công: By.xpath: //button[contains(.,'Chỉnh sửa hồ sơ')]
[2025-10-19 10:44:32] [main] INFO  pages.profile.ProfilePage - Đã mở popup Chỉnh sửa hồ sơ
[2025-10-19 10:44:33] [main] INFO  pages.profile.ProfilePage - Nhập họ tên: Hieu
[2025-10-19 10:44:34] [main] INFO  pages.profile.ProfilePage - Nhập số điện thoại: 0123456789
[2025-10-19 10:44:34] [main] INFO  pages.profile.ProfilePage - Nhập ngày sinh: 20/01/1999
[2025-10-19 10:44:34] [main] INFO  pages.profile.ProfilePage - Click thành công: By.xpath: //button[normalize-space()='Cập nhật']
[2025-10-19 10:44:34] [main] INFO  pages.profile.ProfilePage - Đã cập nhật hồ sơ: Hieu - 0123456789 - 20/01/1999
[2025-10-19 10:44:34] [main] INFO  scripts.ProfileTest - Hồ sơ người dùng được cập nhật thành công!
[2025-10-19 10:45:03] [main] INFO  scripts.ProfileTest - 🔹 Test Data: Email=hieu002@gmail.com, DiaDiem=, Phong=
[2025-10-19 10:45:03] [main] INFO  scripts.ProfileTest - ➡ Mở modal đăng nhập...
[2025-10-19 10:45:14] [main] INFO  pages.profile.ProfilePage - Click thành công: By.xpath: //img[contains(@class,'h-10')]
[2025-10-19 10:45:14] [main] INFO  pages.profile.ProfilePage - Đã mở modal đăng nhập
[2025-10-19 10:45:14] [main] INFO  scripts.ProfileTest - ➡ Thực hiện login với email: hieu002@gmail.com
[2025-10-19 10:45:14] [main] INFO  scripts.ProfileTest - ➡ Điều hướng đến trang Thông tin người dùng...
[2025-10-19 10:45:14] [main] WARN  pages.profile.ProfilePage - ⚠ Dùng JS click fallback cho: By.xpath: //img[contains(@class,'h-10')]
[2025-10-19 10:45:15] [main] INFO  pages.profile.ProfilePage - Click thành công: By.xpath: //a[contains(@href,'/info-user') or text()='Dashboard']
[2025-10-19 10:45:15] [main] INFO  pages.profile.ProfilePage - Đã điều hướng đến trang info-user
[2025-10-19 10:45:15] [main] INFO  scripts.ProfileTest - ➡ Cập nhật ảnh đại diện từ file: C:\folder\Tester\Testing05_Nhom2-HoaiHieu_Profile/src/test/resources/avatar3.png
[2025-10-19 10:45:15] [main] INFO  pages.profile.ProfilePage - Click thành công: By.xpath: //button[contains(.,'Cập nhật ảnh')]
[2025-10-19 10:45:15] [main] INFO  pages.profile.ProfilePage - Upload ảnh thành công: C:\folder\Tester\Testing05_Nhom2-HoaiHieu_Profile/src/test/resources/avatar3.png
[2025-10-19 10:45:15] [main] INFO  scripts.ProfileTest - ➡ Click nút Upload Avatar
[2025-10-19 10:58:31] [main] INFO  scripts.ProfileTest - 🔹 Test Data: Email=hieu002@gmail.com, DiaDiem=, Phong=
[2025-10-19 10:58:31] [main] INFO  scripts.ProfileTest - ➡ Mở modal đăng nhập...
[2025-10-19 10:58:41] [main] INFO  pages.profile.ProfilePage - Click thành công: By.xpath: //img[contains(@class,'h-10')]
[2025-10-19 10:58:42] [main] INFO  pages.profile.ProfilePage - Đã mở modal đăng nhập
[2025-10-19 10:58:42] [main] INFO  scripts.ProfileTest - ➡ Thực hiện login với email: hieu002@gmail.com
[2025-10-19 10:58:42] [main] INFO  scripts.ProfileTest - ➡ Điều hướng đến trang Thông tin người dùng...
[2025-10-19 10:58:43] [main] INFO  pages.profile.ProfilePage - Click thành công: By.xpath: //img[contains(@class,'h-10')]
[2025-10-19 10:58:43] [main] INFO  pages.profile.ProfilePage - Click thành công: By.xpath: //a[contains(@href,'/info-user') or text()='Dashboard']
[2025-10-19 10:58:43] [main] INFO  pages.profile.ProfilePage - Đã điều hướng đến trang info-user
[2025-10-19 10:58:43] [main] INFO  scripts.ProfileTest - ➡ Cập nhật ảnh đại diện từ file: C:\folder\Tester\Testing05_Nhom2-HoaiHieu_Profile/src/test/resources/avatar4.png
[2025-10-19 10:58:43] [main] INFO  pages.profile.ProfilePage - Click thành công: By.xpath: //button[contains(.,'Cập nhật ảnh')]
[2025-10-19 10:58:43] [main] INFO  pages.profile.ProfilePage - Upload ảnh thành công: C:\folder\Tester\Testing05_Nhom2-HoaiHieu_Profile/src/test/resources/avatar4.png
[2025-10-19 10:58:43] [main] INFO  scripts.ProfileTest - ➡ Click nút Upload Avatar
[2025-10-19 10:58:44] [main] INFO  pages.profile.ProfilePage - Đã click nút Upload Avatar thành công
[2025-10-19 10:58:44] [main] INFO  scripts.ProfileTest - ➡ Thực hiện chỉnh sửa hồ sơ...
[2025-10-19 10:58:44] [main] INFO  pages.profile.ProfilePage - Click thành công: By.xpath: //button[contains(.,'Chỉnh sửa hồ sơ')]
[2025-10-19 10:58:44] [main] INFO  pages.profile.ProfilePage - Đã mở popup Chỉnh sửa hồ sơ
[2025-10-19 10:58:45] [main] INFO  pages.profile.ProfilePage - Nhập họ tên: Han
[2025-10-19 10:58:46] [main] INFO  pages.profile.ProfilePage - Nhập số điện thoại: 0999999999
[2025-10-19 10:58:46] [main] INFO  pages.profile.ProfilePage - Nhập ngày sinh: 20/11/2004
[2025-10-19 10:58:46] [main] INFO  pages.profile.ProfilePage - Click thành công: By.xpath: //button[normalize-space()='Cập nhật']
[2025-10-19 10:58:46] [main] INFO  pages.profile.ProfilePage - Đã cập nhật hồ sơ: Han - 0999999999 - 20/11/2004
[2025-10-19 10:58:46] [main] INFO  scripts.ProfileTest - Hồ sơ người dùng được cập nhật thành công!
[2025-10-19 11:01:03] [main] INFO  scripts.ProfileTest - 🔹 Test Data: Email=hieu002@gmail.com, DiaDiem=, Phong=
[2025-10-19 11:01:03] [main] INFO  scripts.ProfileTest - ➡ Mở modal đăng nhập...
[2025-10-19 11:01:14] [main] INFO  pages.profile.ProfilePage - Click thành công: By.xpath: //img[contains(@class,'h-10')]
[2025-10-19 11:01:14] [main] INFO  pages.profile.ProfilePage - Đã mở modal đăng nhập
[2025-10-19 11:01:14] [main] INFO  scripts.ProfileTest - ➡ Thực hiện login với email: hieu002@gmail.com
[2025-10-19 11:01:14] [main] INFO  scripts.ProfileTest - ➡ Điều hướng đến trang Thông tin người dùng...
[2025-10-19 11:01:15] [main] INFO  pages.profile.ProfilePage - Click thành công: By.xpath: //img[contains(@class,'h-10')]
[2025-10-19 11:01:16] [main] INFO  pages.profile.ProfilePage - Click thành công: By.xpath: //a[contains(@href,'/info-user') or text()='Dashboard']
[2025-10-19 11:01:16] [main] INFO  pages.profile.ProfilePage - Đã điều hướng đến trang info-user
[2025-10-19 11:01:16] [main] INFO  scripts.ProfileTest - ➡ Cập nhật ảnh đại diện từ file: C:\folder\Tester\Testing05_Nhom2-HoaiHieu_Profile/src/test/resources/avatar2.png
[2025-10-19 11:01:16] [main] INFO  pages.profile.ProfilePage - Click thành công: By.xpath: //button[contains(.,'Cập nhật ảnh')]
[2025-10-19 11:01:16] [main] INFO  pages.profile.ProfilePage - Upload ảnh thành công: C:\folder\Tester\Testing05_Nhom2-HoaiHieu_Profile/src/test/resources/avatar2.png
[2025-10-19 11:01:16] [main] INFO  scripts.ProfileTest - ➡ Click nút Upload Avatar
[2025-10-19 11:01:17] [main] INFO  pages.profile.ProfilePage - Đã click nút Upload Avatar thành công
[2025-10-19 11:01:17] [main] INFO  scripts.ProfileTest - ➡ Thực hiện chỉnh sửa hồ sơ...
[2025-10-19 11:01:18] [main] INFO  pages.profile.ProfilePage - Click thành công: By.xpath: //button[contains(.,'Chỉnh sửa hồ sơ')]
[2025-10-19 11:01:18] [main] INFO  pages.profile.ProfilePage - Đã mở popup Chỉnh sửa hồ sơ
[2025-10-19 11:01:19] [main] INFO  pages.profile.ProfilePage - Nhập họ tên: Hoài Hiếu
[2025-10-19 11:01:19] [main] INFO  pages.profile.ProfilePage - Nhập số điện thoại: 0123456789
[2025-10-19 11:01:20] [main] INFO  pages.profile.ProfilePage - Nhập ngày sinh: 22/01/2004
[2025-10-19 11:01:20] [main] INFO  pages.profile.ProfilePage - Click thành công: By.xpath: //button[normalize-space()='Cập nhật']
[2025-10-19 11:01:20] [main] INFO  pages.profile.ProfilePage - Đã cập nhật hồ sơ: Hoài Hiếu - 0123456789 - 22/01/2004
[2025-10-19 11:01:20] [main] INFO  scripts.ProfileTest - Hồ sơ người dùng được cập nhật thành công!
[2025-10-19 11:25:48] [main] INFO  scripts.ProfileTest - 🔹 Test Data: Email=hieu002@gmail.com, DiaDiem=, Phong=
[2025-10-19 11:25:48] [main] INFO  scripts.ProfileTest - ➡ Mở modal đăng nhập...
[2025-10-19 11:25:59] [main] INFO  pages.profile.ProfilePage - Click thành công: By.xpath: //img[contains(@class,'h-10')]
[2025-10-19 11:25:59] [main] INFO  pages.profile.ProfilePage - Đã mở modal đăng nhập
[2025-10-19 11:25:59] [main] INFO  scripts.ProfileTest - ➡ Thực hiện login với email: hieu002@gmail.com
[2025-10-19 11:26:00] [main] INFO  scripts.ProfileTest - ➡ Điều hướng đến trang Thông tin người dùng...
[2025-10-19 11:26:00] [main] WARN  pages.profile.ProfilePage - ⚠ Dùng JS click fallback cho: By.xpath: //img[contains(@class,'h-10')]
[2025-10-19 11:26:00] [main] INFO  pages.profile.ProfilePage - Click thành công: By.xpath: //a[contains(@href,'/info-user') or text()='Dashboard']
[2025-10-19 11:26:00] [main] INFO  pages.profile.ProfilePage - Đã điều hướng đến trang info-user
[2025-10-19 11:26:00] [main] INFO  scripts.ProfileTest - ➡ Cập nhật ảnh đại diện từ file: C:\folder\Tester\Testing05_Nhom2-HoaiHieu_Profile/src/test/resources/avatar4.png
[2025-10-19 11:26:00] [main] INFO  pages.profile.ProfilePage - Click thành công: By.xpath: //button[contains(.,'Cập nhật ảnh')]
[2025-10-19 11:26:00] [main] INFO  pages.profile.ProfilePage - Upload ảnh thành công: C:\folder\Tester\Testing05_Nhom2-HoaiHieu_Profile/src/test/resources/avatar4.png
[2025-10-19 11:26:00] [main] INFO  scripts.ProfileTest - ➡ Click nút Upload Avatar
[2025-10-19 11:26:10] [main] INFO  pages.profile.ProfilePage - Đã click nút Upload Avatar thành công
[2025-10-19 11:26:10] [main] INFO  scripts.ProfileTest - ➡ Thực hiện chỉnh sửa hồ sơ...
[2025-10-19 11:26:10] [main] INFO  pages.profile.ProfilePage - Click thành công: By.xpath: //button[contains(.,'Chỉnh sửa hồ sơ')]
[2025-10-19 11:26:10] [main] INFO  pages.profile.ProfilePage - Đã mở popup Chỉnh sửa hồ sơ
[2025-10-19 11:26:11] [main] INFO  pages.profile.ProfilePage - Nhập họ tên: Testing05_Hieu
[2025-10-19 11:26:12] [main] INFO  pages.profile.ProfilePage - Nhập số điện thoại: 0987456321
[2025-10-19 11:26:12] [main] INFO  pages.profile.ProfilePage - Nhập ngày sinh: 30/01/2004
[2025-10-19 11:26:12] [main] INFO  pages.profile.ProfilePage - Click thành công: By.xpath: //button[normalize-space()='Cập nhật']
[2025-10-19 11:26:12] [main] INFO  pages.profile.ProfilePage - Đã cập nhật hồ sơ: Testing05_Hieu - 0987456321 - 30/01/2004
[2025-10-19 11:26:12] [main] INFO  scripts.ProfileTest - Hồ sơ người dùng được cập nhật thành công!
[2025-10-19 11:26:55] [main] INFO  scripts.ProfileTest - 🔹 Test Data: Email=hieu002@gmail.com, DiaDiem=, Phong=
[2025-10-19 11:26:55] [main] INFO  scripts.ProfileTest - ➡ Mở modal đăng nhập...
[2025-10-19 11:27:05] [main] INFO  pages.profile.ProfilePage - Click thành công: By.xpath: //img[contains(@class,'h-10')]
[2025-10-19 11:27:05] [main] INFO  pages.profile.ProfilePage - Đã mở modal đăng nhập
[2025-10-19 11:27:05] [main] INFO  scripts.ProfileTest - ➡ Thực hiện login với email: hieu002@gmail.com
[2025-10-19 11:27:06] [main] INFO  scripts.ProfileTest - ➡ Điều hướng đến trang Thông tin người dùng...
[2025-10-19 11:27:06] [main] INFO  pages.profile.ProfilePage - Click thành công: By.xpath: //img[contains(@class,'h-10')]
[2025-10-19 11:27:07] [main] INFO  pages.profile.ProfilePage - Click thành công: By.xpath: //a[contains(@href,'/info-user') or text()='Dashboard']
[2025-10-19 11:27:07] [main] INFO  pages.profile.ProfilePage - Đã điều hướng đến trang info-user
[2025-10-19 11:27:07] [main] INFO  scripts.ProfileTest - ➡ Cập nhật ảnh đại diện từ file: C:\folder\Tester\Testing05_Nhom2-HoaiHieu_Profile/src/test/resources/avatar4.png
[2025-10-19 11:27:07] [main] INFO  pages.profile.ProfilePage - Click thành công: By.xpath: //button[contains(.,'Cập nhật ảnh')]
[2025-10-19 11:27:07] [main] INFO  pages.profile.ProfilePage - Upload ảnh thành công: C:\folder\Tester\Testing05_Nhom2-HoaiHieu_Profile/src/test/resources/avatar4.png
[2025-10-19 11:27:07] [main] INFO  scripts.ProfileTest - ➡ Click nút Upload Avatar
[2025-10-19 11:27:08] [main] INFO  pages.profile.ProfilePage - Đã click nút Upload Avatar thành công
[2025-10-19 11:27:08] [main] INFO  scripts.ProfileTest - ➡ Thực hiện chỉnh sửa hồ sơ...
[2025-10-19 11:27:08] [main] INFO  pages.profile.ProfilePage - Click thành công: By.xpath: //button[contains(.,'Chỉnh sửa hồ sơ')]
[2025-10-19 11:27:08] [main] INFO  pages.profile.ProfilePage - Đã mở popup Chỉnh sửa hồ sơ
[2025-10-19 11:27:09] [main] INFO  pages.profile.ProfilePage - Nhập họ tên: Testing05_Hieu
[2025-10-19 11:27:09] [main] INFO  pages.profile.ProfilePage - Nhập số điện thoại: 0987456321
[2025-10-19 11:27:10] [main] INFO  pages.profile.ProfilePage - Nhập ngày sinh: 30/01/2004
[2025-10-19 11:27:10] [main] INFO  pages.profile.ProfilePage - Click thành công: By.xpath: //button[normalize-space()='Cập nhật']
[2025-10-19 11:27:10] [main] INFO  pages.profile.ProfilePage - Đã cập nhật hồ sơ: Testing05_Hieu - 0987456321 - 30/01/2004
[2025-10-19 11:27:10] [main] INFO  scripts.ProfileTest - Hồ sơ người dùng được cập nhật thành công!
[2025-10-19 11:27:41] [main] INFO  scripts.ProfileTest - 🔹 Test Data: Email=hieu002@gmail.com, DiaDiem=, Phong=
[2025-10-19 11:27:41] [main] INFO  scripts.ProfileTest - ➡ Mở modal đăng nhập...
[2025-10-19 11:27:51] [main] INFO  pages.profile.ProfilePage - Click thành công: By.xpath: //img[contains(@class,'h-10')]
[2025-10-19 11:27:51] [main] INFO  pages.profile.ProfilePage - Đã mở modal đăng nhập
[2025-10-19 11:27:51] [main] INFO  scripts.ProfileTest - ➡ Thực hiện login với email: hieu002@gmail.com
[2025-10-19 11:27:52] [main] INFO  scripts.ProfileTest - ➡ Điều hướng đến trang Thông tin người dùng...
[2025-10-19 11:27:52] [main] INFO  pages.profile.ProfilePage - Click thành công: By.xpath: //img[contains(@class,'h-10')]
[2025-10-19 11:27:53] [main] INFO  pages.profile.ProfilePage - Click thành công: By.xpath: //a[contains(@href,'/info-user') or text()='Dashboard']
[2025-10-19 11:27:59] [main] INFO  pages.profile.ProfilePage - Đã điều hướng đến trang info-user
[2025-10-19 11:27:59] [main] INFO  scripts.ProfileTest - ➡ Cập nhật ảnh đại diện từ file: C:\folder\Tester\Testing05_Nhom2-HoaiHieu_Profile/src/test/resources/avatar4.png
[2025-10-19 11:27:59] [main] INFO  pages.profile.ProfilePage - Click thành công: By.xpath: //button[contains(.,'Cập nhật ảnh')]
[2025-10-19 11:27:59] [main] INFO  pages.profile.ProfilePage - Upload ảnh thành công: C:\folder\Tester\Testing05_Nhom2-HoaiHieu_Profile/src/test/resources/avatar4.png
[2025-10-19 11:27:59] [main] INFO  scripts.ProfileTest - ➡ Click nút Upload Avatar
[2025-10-19 11:28:00] [main] INFO  pages.profile.ProfilePage - Đã click nút Upload Avatar thành công
[2025-10-19 11:28:00] [main] INFO  scripts.ProfileTest - ➡ Thực hiện chỉnh sửa hồ sơ...
[2025-10-19 11:28:00] [main] INFO  pages.profile.ProfilePage - Click thành công: By.xpath: //button[contains(.,'Chỉnh sửa hồ sơ')]
[2025-10-19 11:28:00] [main] INFO  pages.profile.ProfilePage - Đã mở popup Chỉnh sửa hồ sơ
[2025-10-19 11:28:01] [main] INFO  pages.profile.ProfilePage - Nhập họ tên: Testing05Hieu
[2025-10-19 11:28:01] [main] INFO  pages.profile.ProfilePage - Nhập số điện thoại: 0987456321
[2025-10-19 11:28:01] [main] INFO  pages.profile.ProfilePage - Nhập ngày sinh: 30/01/2004
[2025-10-19 11:28:01] [main] INFO  pages.profile.ProfilePage - Click thành công: By.xpath: //button[normalize-space()='Cập nhật']
[2025-10-19 11:28:01] [main] INFO  pages.profile.ProfilePage - Đã cập nhật hồ sơ: Testing05Hieu - 0987456321 - 30/01/2004
[2025-10-19 11:28:01] [main] INFO  scripts.ProfileTest - Hồ sơ người dùng được cập nhật thành công!
[2025-10-19 11:28:29] [main] INFO  scripts.ProfileTest - 🔹 Test Data: Email=hieu002@gmail.com, DiaDiem=, Phong=
[2025-10-19 11:28:29] [main] INFO  scripts.ProfileTest - ➡ Mở modal đăng nhập...
[2025-10-19 11:28:40] [main] INFO  pages.profile.ProfilePage - Click thành công: By.xpath: //img[contains(@class,'h-10')]
[2025-10-19 11:28:40] [main] INFO  pages.profile.ProfilePage - Đã mở modal đăng nhập
[2025-10-19 11:28:40] [main] INFO  scripts.ProfileTest - ➡ Thực hiện login với email: hieu002@gmail.com
[2025-10-19 11:28:40] [main] INFO  scripts.ProfileTest - ➡ Điều hướng đến trang Thông tin người dùng...
[2025-10-19 11:28:41] [main] INFO  pages.profile.ProfilePage - Click thành công: By.xpath: //img[contains(@class,'h-10')]
[2025-10-19 11:28:41] [main] INFO  pages.profile.ProfilePage - Click thành công: By.xpath: //a[contains(@href,'/info-user') or text()='Dashboard']
[2025-10-19 11:28:41] [main] INFO  pages.profile.ProfilePage - Đã điều hướng đến trang info-user
[2025-10-19 11:28:41] [main] INFO  scripts.ProfileTest - ➡ Cập nhật ảnh đại diện từ file: C:\folder\Tester\Testing05_Nhom2-HoaiHieu_Profile/src/test/resources/avatar4.png
[2025-10-19 11:28:41] [main] INFO  pages.profile.ProfilePage - Click thành công: By.xpath: //button[contains(.,'Cập nhật ảnh')]
[2025-10-19 11:28:41] [main] INFO  pages.profile.ProfilePage - Upload ảnh thành công: C:\folder\Tester\Testing05_Nhom2-HoaiHieu_Profile/src/test/resources/avatar4.png
[2025-10-19 11:28:41] [main] INFO  scripts.ProfileTest - ➡ Click nút Upload Avatar
[2025-10-19 11:28:42] [main] INFO  pages.profile.ProfilePage - Đã click nút Upload Avatar thành công
[2025-10-19 11:28:42] [main] INFO  scripts.ProfileTest - ➡ Thực hiện chỉnh sửa hồ sơ...
[2025-10-19 11:28:42] [main] INFO  pages.profile.ProfilePage - Click thành công: By.xpath: //button[contains(.,'Chỉnh sửa hồ sơ')]
[2025-10-19 11:28:42] [main] INFO  pages.profile.ProfilePage - Đã mở popup Chỉnh sửa hồ sơ
[2025-10-19 11:28:43] [main] INFO  pages.profile.ProfilePage - Nhập họ tên: Testing
[2025-10-19 11:28:43] [main] INFO  pages.profile.ProfilePage - Nhập số điện thoại: 0987456321
[2025-10-19 11:28:44] [main] INFO  pages.profile.ProfilePage - Nhập ngày sinh: 30/01/2004
[2025-10-19 11:28:44] [main] INFO  pages.profile.ProfilePage - Click thành công: By.xpath: //button[normalize-space()='Cập nhật']
[2025-10-19 11:28:44] [main] INFO  pages.profile.ProfilePage - Đã cập nhật hồ sơ: Testing - 0987456321 - 30/01/2004
[2025-10-19 11:28:44] [main] INFO  scripts.ProfileTest - Hồ sơ người dùng được cập nhật thành công!
[2025-10-19 15:02:49] [main] INFO  scripts.ProfileTest - 🔹 Test Data: Email=hieu002@gmail.com, DiaDiem=, Phong=
[2025-10-19 15:02:49] [main] INFO  scripts.ProfileTest - ➡ Mở modal đăng nhập...
[2025-10-19 15:03:03] [main] WARN  pages.profile.ProfilePage - ⚠ Dùng JS click fallback cho: By.xpath: //img[contains(@class,'h-10')]
[2025-10-19 15:03:03] [main] INFO  pages.profile.ProfilePage - Đã mở modal đăng nhập
[2025-10-19 15:03:03] [main] INFO  scripts.ProfileTest - ➡ Thực hiện login với email: hieu002@gmail.com
[2025-10-19 15:03:05] [main] INFO  scripts.ProfileTest - ➡ Điều hướng đến trang Thông tin người dùng...
[2025-10-19 15:03:05] [main] INFO  pages.profile.ProfilePage - Click thành công: By.xpath: //img[contains(@class,'h-10')]
[2025-10-19 15:03:32] [main] INFO  scripts.ProfileTest - 🔹 Test Data: Email=hieu002@gmail.com, DiaDiem=, Phong=
[2025-10-19 15:03:32] [main] INFO  scripts.ProfileTest - ➡ Mở modal đăng nhập...
[2025-10-19 15:03:43] [main] INFO  pages.profile.ProfilePage - Click thành công: By.xpath: //img[contains(@class,'h-10')]
[2025-10-19 15:03:43] [main] INFO  pages.profile.ProfilePage - Đã mở modal đăng nhập
[2025-10-19 15:03:43] [main] INFO  scripts.ProfileTest - ➡ Thực hiện login với email: hieu002@gmail.com
[2025-10-19 15:03:50] [main] INFO  scripts.ProfileTest - 🔹 Test Data: Email=hieu002@gmail.com, DiaDiem=, Phong=
[2025-10-19 15:03:50] [main] INFO  scripts.ProfileTest - ➡ Mở modal đăng nhập...
[2025-10-19 15:04:01] [main] INFO  pages.profile.ProfilePage - Click thành công: By.xpath: //img[contains(@class,'h-10')]
[2025-10-19 15:04:01] [main] INFO  pages.profile.ProfilePage - Đã mở modal đăng nhập
[2025-10-19 15:04:01] [main] INFO  scripts.ProfileTest - ➡ Thực hiện login với email: hieu002@gmail.com
[2025-10-19 15:04:01] [main] INFO  scripts.ProfileTest - ➡ Điều hướng đến trang Thông tin người dùng...
[2025-10-19 15:04:01] [main] WARN  pages.profile.ProfilePage - ⚠ Dùng JS click fallback cho: By.xpath: //img[contains(@class,'h-10')]
[2025-10-19 15:04:02] [main] INFO  pages.profile.ProfilePage - Click thành công: By.xpath: //a[contains(@href,'/info-user') or text()='Dashboard']
[2025-10-19 15:04:02] [main] INFO  pages.profile.ProfilePage - Đã điều hướng đến trang info-user
[2025-10-19 15:04:02] [main] INFO  scripts.ProfileTest - ➡ Cập nhật ảnh đại diện từ file: C:\folder\Tester\Testing05_Nhom2-HoaiHieu_Profile/src/test/resources/avatar4.png
[2025-10-19 15:04:02] [main] INFO  pages.profile.ProfilePage - Click thành công: By.xpath: //button[contains(.,'Cập nhật ảnh')]
[2025-10-19 15:04:02] [main] INFO  pages.profile.ProfilePage - Upload ảnh thành công: C:\folder\Tester\Testing05_Nhom2-HoaiHieu_Profile/src/test/resources/avatar4.png
[2025-10-19 15:04:02] [main] INFO  scripts.ProfileTest - ➡ Click nút Upload Avatar
[2025-10-19 15:04:26] [main] INFO  scripts.ProfileTest - 🔹 Test Data: Email=hieu002@gmail.com, DiaDiem=, Phong=
[2025-10-19 15:04:26] [main] INFO  scripts.ProfileTest - ➡ Mở modal đăng nhập...
[2025-10-19 15:04:37] [main] INFO  pages.profile.ProfilePage - Click thành công: By.xpath: //img[contains(@class,'h-10')]
[2025-10-19 15:04:37] [main] INFO  pages.profile.ProfilePage - Đã mở modal đăng nhập
[2025-10-19 15:04:37] [main] INFO  scripts.ProfileTest - ➡ Thực hiện login với email: hieu002@gmail.com
[2025-10-19 15:04:37] [main] INFO  scripts.ProfileTest - ➡ Điều hướng đến trang Thông tin người dùng...
[2025-10-19 15:04:37] [main] WARN  pages.profile.ProfilePage - ⚠ Dùng JS click fallback cho: By.xpath: //img[contains(@class,'h-10')]
[2025-10-19 15:04:38] [main] INFO  pages.profile.ProfilePage - Click thành công: By.xpath: //a[contains(@href,'/info-user') or text()='Dashboard']
[2025-10-19 15:04:38] [main] INFO  pages.profile.ProfilePage - Đã điều hướng đến trang info-user
[2025-10-19 15:04:38] [main] INFO  scripts.ProfileTest - ➡ Cập nhật ảnh đại diện từ file: C:\folder\Tester\Testing05_Nhom2-HoaiHieu_Profile/src/test/resources/avatar4.png
[2025-10-19 15:04:38] [main] INFO  pages.profile.ProfilePage - Click thành công: By.xpath: //button[contains(.,'Cập nhật ảnh')]
[2025-10-19 15:05:20] [main] INFO  scripts.ProfileTest - 🔹 Test Data: Email=hieu002@gmail.com, DiaDiem=, Phong=
[2025-10-19 15:05:20] [main] INFO  scripts.ProfileTest - ➡ Mở modal đăng nhập...
[2025-10-19 15:05:31] [main] INFO  pages.profile.ProfilePage - Click thành công: By.xpath: //img[contains(@class,'h-10')]
[2025-10-19 15:05:31] [main] INFO  pages.profile.ProfilePage - Đã mở modal đăng nhập
[2025-10-19 15:05:31] [main] INFO  scripts.ProfileTest - ➡ Thực hiện login với email: hieu002@gmail.com
[2025-10-19 15:05:31] [main] INFO  scripts.ProfileTest - ➡ Điều hướng đến trang Thông tin người dùng...
[2025-10-19 15:05:31] [main] WARN  pages.profile.ProfilePage - ⚠ Dùng JS click fallback cho: By.xpath: //img[contains(@class,'h-10')]
[2025-10-19 15:05:32] [main] INFO  pages.profile.ProfilePage - Click thành công: By.xpath: //a[contains(@href,'/info-user') or text()='Dashboard']
[2025-10-19 15:05:32] [main] INFO  pages.profile.ProfilePage - Đã điều hướng đến trang info-user
[2025-10-19 15:05:32] [main] INFO  scripts.ProfileTest - ➡ Cập nhật ảnh đại diện từ file: C:\folder\Tester\Testing05_Nhom2-HoaiHieu_Profile/src/test/resources/avatar4.png
[2025-10-19 15:05:32] [main] INFO  pages.profile.ProfilePage - Click thành công: By.xpath: //button[contains(.,'Cập nhật ảnh')]
[2025-10-19 15:05:32] [main] INFO  pages.profile.ProfilePage - Upload ảnh thành công: C:\folder\Tester\Testing05_Nhom2-HoaiHieu_Profile/src/test/resources/avatar4.png
[2025-10-19 15:05:32] [main] INFO  scripts.ProfileTest - ➡ Click nút Upload Avatar
[2025-10-19 15:05:46] [main] INFO  pages.profile.ProfilePage - Đã click nút Upload Avatar thành công
[2025-10-19 15:05:46] [main] INFO  scripts.ProfileTest - ➡ Thực hiện chỉnh sửa hồ sơ...
[2025-10-19 15:05:46] [main] INFO  pages.profile.ProfilePage - Click thành công: By.xpath: //button[contains(.,'Chỉnh sửa hồ sơ')]
[2025-10-19 15:05:46] [main] INFO  pages.profile.ProfilePage - Đã mở popup Chỉnh sửa hồ sơ
[2025-10-19 15:05:47] [main] INFO  pages.profile.ProfilePage - Nhập họ tên: Testing
[2025-10-19 15:05:47] [main] INFO  pages.profile.ProfilePage - Nhập số điện thoại: 0987456321
[2025-10-19 15:05:47] [main] INFO  pages.profile.ProfilePage - Nhập ngày sinh: 30/01/2004
[2025-10-19 15:05:47] [main] INFO  pages.profile.ProfilePage - Click thành công: By.xpath: //button[normalize-space()='Cập nhật']
[2025-10-19 15:05:47] [main] INFO  pages.profile.ProfilePage - Đã cập nhật hồ sơ: Testing - 0987456321 - 30/01/2004
[2025-10-19 15:05:47] [main] INFO  scripts.ProfileTest - Hồ sơ người dùng được cập nhật thành công!
[2025-10-19 15:06:05] [main] INFO  scripts.ProfileTest - 🔹 Test Data: Email=hieu002@gmail.com, DiaDiem=, Phong=
[2025-10-19 15:06:05] [main] INFO  scripts.ProfileTest - ➡ Mở modal đăng nhập...
[2025-10-19 15:06:15] [main] INFO  pages.profile.ProfilePage - Click thành công: By.xpath: //img[contains(@class,'h-10')]
[2025-10-19 15:06:15] [main] INFO  pages.profile.ProfilePage - Đã mở modal đăng nhập
[2025-10-19 15:06:15] [main] INFO  scripts.ProfileTest - ➡ Thực hiện login với email: hieu002@gmail.com
[2025-10-19 15:06:16] [main] INFO  scripts.ProfileTest - ➡ Điều hướng đến trang Thông tin người dùng...
[2025-10-19 15:06:16] [main] INFO  pages.profile.ProfilePage - Click thành công: By.xpath: //img[contains(@class,'h-10')]
[2025-10-19 15:06:17] [main] INFO  pages.profile.ProfilePage - Click thành công: By.xpath: //a[contains(@href,'/info-user') or text()='Dashboard']
[2025-10-19 15:06:17] [main] INFO  pages.profile.ProfilePage - Đã điều hướng đến trang info-user
[2025-10-19 15:06:17] [main] INFO  scripts.ProfileTest - ➡ Cập nhật ảnh đại diện từ file: C:\folder\Tester\Testing05_Nhom2-HoaiHieu_Profile/src/test/resources/avatar4.png
[2025-10-19 15:06:17] [main] INFO  pages.profile.ProfilePage - Click thành công: By.xpath: //button[contains(.,'Cập nhật ảnh')]
[2025-10-19 15:06:17] [main] INFO  pages.profile.ProfilePage - Upload ảnh thành công: C:\folder\Tester\Testing05_Nhom2-HoaiHieu_Profile/src/test/resources/avatar4.png
[2025-10-19 15:06:17] [main] INFO  scripts.ProfileTest - ➡ Click nút Upload Avatar
[2025-10-19 15:06:18] [main] INFO  pages.profile.ProfilePage - Đã click nút Upload Avatar thành công
[2025-10-19 15:06:18] [main] INFO  scripts.ProfileTest - ➡ Thực hiện chỉnh sửa hồ sơ...
[2025-10-19 15:06:18] [main] INFO  pages.profile.ProfilePage - Click thành công: By.xpath: //button[contains(.,'Chỉnh sửa hồ sơ')]
[2025-10-19 15:06:18] [main] INFO  pages.profile.ProfilePage - Đã mở popup Chỉnh sửa hồ sơ
[2025-10-19 15:06:19] [main] INFO  pages.profile.ProfilePage - Nhập họ tên: Testing
[2025-10-19 15:06:19] [main] INFO  pages.profile.ProfilePage - Nhập số điện thoại: 0987456321
[2025-10-19 15:06:19] [main] INFO  pages.profile.ProfilePage - Nhập ngày sinh: 30/01/2004
[2025-10-19 15:06:20] [main] INFO  pages.profile.ProfilePage - Click thành công: By.xpath: //button[normalize-space()='Cập nhật']
[2025-10-19 15:06:20] [main] INFO  pages.profile.ProfilePage - Đã cập nhật hồ sơ: Testing - 0987456321 - 30/01/2004
[2025-10-19 15:06:20] [main] INFO  scripts.ProfileTest - Hồ sơ người dùng được cập nhật thành công!
[2025-10-19 13:35:52] [main] INFO  scripts.SignoutTest - 🔹 Running test with data: Email=hieu002@gmail.com, DiaDiem=, Phong=
[2025-10-19 13:35:52] [main] INFO  scripts.SignoutTest - ➡ Thực hiện login với email: hieu002@gmail.com
[2025-10-19 13:37:39] [main] INFO  scripts.SignoutTest - 🔹 Test đăng nhập và đăng xuất với email: hieu002@gmail.com
[2025-10-19 13:37:39] [main] INFO  pages.signout.SignoutPage - 🟢 Đang mở modal đăng nhập...
[2025-10-19 13:37:39] [main] INFO  pages.signout.SignoutPage - ✅ Đã mở modal đăng nhập thành công.
[2025-10-19 13:37:40] [main] INFO  scripts.SignoutTest - ✅ Đăng nhập thành công với user: hieu002@gmail.com
[2025-10-19 13:37:40] [main] INFO  pages.signout.SignoutPage - 👤 Mở menu người dùng (sau khi login)...
[2025-10-19 13:37:40] [main] INFO  pages.signout.SignoutPage - 🔴 Click Sign out...
[2025-10-19 13:37:41] [main] INFO  pages.signout.SignoutPage - ✅ Click Sign out thành công.
[2025-10-19 13:37:48] [main] ERROR scripts.SignoutTest - ❌ Test thất bại: invalid session id: session deleted as the browser has closed the connection
from disconnected: not connected to DevTools
  (Session info: chrome=141.0.7390.108)
Build info: version: '4.32.0', revision: 'd17c8aa950'
System info: os.name: 'Windows 11', os.arch: 'amd64', os.version: '10.0', java.version: '21.0.7'
Driver info: org.openqa.selenium.chrome.ChromeDriver
Command: [9833e029306523892dce0f3fde554b90, findElement {value=//button[normalize-space()='Đăng nhập'], using=xpath}]
Capabilities {acceptInsecureCerts: false, browserName: chrome, browserVersion: 141.0.7390.108, chrome: {chromedriverVersion: 141.0.7390.78 (2b53b0e231fc..., userDataDir: C:\Users\Hieu\AppData\Local...}, fedcm:accounts: true, goog:chromeOptions: {debuggerAddress: localhost:63137}, networkConnectionEnabled: false, pageLoadStrategy: normal, platformName: windows, proxy: Proxy(), se:cdp: ws://localhost:63137/devtoo..., se:cdpVersion: 141.0.7390.108, setWindowRect: true, strictFileInteractability: false, timeouts: {implicit: 0, pageLoad: 300000, script: 30000}, unhandledPromptBehavior: dismiss and notify, webauthn:extension:credBlob: true, webauthn:extension:largeBlob: true, webauthn:extension:minPinLength: true, webauthn:extension:prf: true, webauthn:virtualAuthenticators: true}
Session ID: 9833e029306523892dce0f3fde554b90
org.openqa.selenium.NoSuchSessionException: invalid session id: session deleted as the browser has closed the connection
from disconnected: not connected to DevTools
  (Session info: chrome=141.0.7390.108)
Build info: version: '4.32.0', revision: 'd17c8aa950'
System info: os.name: 'Windows 11', os.arch: 'amd64', os.version: '10.0', java.version: '21.0.7'
Driver info: org.openqa.selenium.chrome.ChromeDriver
Command: [9833e029306523892dce0f3fde554b90, findElement {value=//button[normalize-space()='Đăng nhập'], using=xpath}]
Capabilities {acceptInsecureCerts: false, browserName: chrome, browserVersion: 141.0.7390.108, chrome: {chromedriverVersion: 141.0.7390.78 (2b53b0e231fc..., userDataDir: C:\Users\Hieu\AppData\Local...}, fedcm:accounts: true, goog:chromeOptions: {debuggerAddress: localhost:63137}, networkConnectionEnabled: false, pageLoadStrategy: normal, platformName: windows, proxy: Proxy(), se:cdp: ws://localhost:63137/devtoo..., se:cdpVersion: 141.0.7390.108, setWindowRect: true, strictFileInteractability: false, timeouts: {implicit: 0, pageLoad: 300000, script: 30000}, unhandledPromptBehavior: dismiss and notify, webauthn:extension:credBlob: true, webauthn:extension:largeBlob: true, webauthn:extension:minPinLength: true, webauthn:extension:prf: true, webauthn:virtualAuthenticators: true}
Session ID: 9833e029306523892dce0f3fde554b90
	at java.base/jdk.internal.reflect.DirectConstructorHandleAccessor.newInstance(DirectConstructorHandleAccessor.java:62)
	at java.base/java.lang.reflect.Constructor.newInstanceWithCaller(Constructor.java:502)
	at java.base/java.lang.reflect.Constructor.newInstance(Constructor.java:486)
	at org.openqa.selenium.remote.ErrorCodec.decode(ErrorCodec.java:167)
	at org.openqa.selenium.remote.codec.w3c.W3CHttpResponseCodec.decode(W3CHttpResponseCodec.java:138)
	at org.openqa.selenium.remote.codec.w3c.W3CHttpResponseCodec.decode(W3CHttpResponseCodec.java:50)
	at org.openqa.selenium.remote.HttpCommandExecutor.execute(HttpCommandExecutor.java:215)
	at org.openqa.selenium.remote.service.DriverCommandExecutor.invokeExecute(DriverCommandExecutor.java:216)
	at org.openqa.selenium.remote.service.DriverCommandExecutor.execute(DriverCommandExecutor.java:174)
	at org.openqa.selenium.remote.RemoteWebDriver.execute(RemoteWebDriver.java:545)
	at org.openqa.selenium.remote.ElementLocation$ElementFinder$2.findElement(ElementLocation.java:165)
	at org.openqa.selenium.remote.ElementLocation.findElement(ElementLocation.java:59)
	at org.openqa.selenium.remote.RemoteWebDriver.findElement(RemoteWebDriver.java:368)
	at org.openqa.selenium.remote.RemoteWebDriver.findElement(RemoteWebDriver.java:362)
	at org.openqa.selenium.support.ui.ExpectedConditions$7.apply(ExpectedConditions.java:194)
	at org.openqa.selenium.support.ui.ExpectedConditions$7.apply(ExpectedConditions.java:190)
	at org.openqa.selenium.support.ui.FluentWait.until(FluentWait.java:203)
	at pages.signout.SignoutPage.verifyLoggedOut(SignoutPage.java:88)
	at scripts.SignoutTest.testLoginAndSignout(SignoutTest.java:45)
	at java.base/jdk.internal.reflect.DirectMethodHandleAccessor.invoke(DirectMethodHandleAccessor.java:103)
	at java.base/java.lang.reflect.Method.invoke(Method.java:580)
	at org.testng.internal.invokers.MethodInvocationHelper.invokeMethod(MethodInvocationHelper.java:141)
	at org.testng.internal.invokers.TestInvoker.invokeMethod(TestInvoker.java:687)
	at org.testng.internal.invokers.TestInvoker.invokeTestMethod(TestInvoker.java:230)
	at org.testng.internal.invokers.MethodRunner.runInSequence(MethodRunner.java:63)
	at org.testng.internal.invokers.TestInvoker$MethodInvocationAgent.invoke(TestInvoker.java:995)
	at org.testng.internal.invokers.TestInvoker.invokeTestMethods(TestInvoker.java:203)
	at org.testng.internal.invokers.TestMethodWorker.invokeTestMethods(TestMethodWorker.java:154)
	at org.testng.internal.invokers.TestMethodWorker.run(TestMethodWorker.java:134)
	at java.base/java.util.ArrayList.forEach(ArrayList.java:1596)
	at org.testng.TestRunner.privateRun(TestRunner.java:741)
	at org.testng.TestRunner.run(TestRunner.java:616)
	at org.testng.SuiteRunner.runTest(SuiteRunner.java:421)
	at org.testng.SuiteRunner.runSequentially(SuiteRunner.java:413)
	at org.testng.SuiteRunner.privateRun(SuiteRunner.java:373)
	at org.testng.SuiteRunner.run(SuiteRunner.java:312)
	at org.testng.SuiteRunnerWorker.runSuite(SuiteRunnerWorker.java:52)
	at org.testng.SuiteRunnerWorker.run(SuiteRunnerWorker.java:95)
	at org.testng.TestNG.runSuitesSequentially(TestNG.java:1274)
	at org.testng.TestNG.runSuitesLocally(TestNG.java:1208)
	at org.testng.TestNG.runSuites(TestNG.java:1112)
	at org.testng.TestNG.run(TestNG.java:1079)
	at com.intellij.rt.testng.IDEARemoteTestNG.run(IDEARemoteTestNG.java:65)
	at com.intellij.rt.testng.RemoteTestNGStarter.main(RemoteTestNGStarter.java:105)
[2025-10-19 13:38:33] [main] INFO  scripts.SignoutTest - 🔹 Test đăng nhập và đăng xuất với email: hieu002@gmail.com
[2025-10-19 13:38:33] [main] INFO  pages.signout.SignoutPage - 🟢 Đang mở modal đăng nhập...
[2025-10-19 13:38:33] [main] INFO  pages.signout.SignoutPage - ✅ Đã mở modal đăng nhập thành công.
[2025-10-19 13:38:34] [main] INFO  scripts.SignoutTest - Đăng nhập thành công với user: hieu002@gmail.com
[2025-10-19 13:38:34] [main] INFO  pages.signout.SignoutPage - 👤 Mở menu người dùng (sau khi login)...
[2025-10-19 13:38:34] [main] INFO  pages.signout.SignoutPage - 🔴 Click Sign out...
[2025-10-19 13:38:35] [main] INFO  pages.signout.SignoutPage - ✅ Click Sign out thành công.
[2025-10-19 13:38:38] [main] ERROR scripts.SignoutTest - Test thất bại: invalid session id: session deleted as the browser has closed the connection
from disconnected: not connected to DevTools
  (Session info: chrome=141.0.7390.108)
Build info: version: '4.32.0', revision: 'd17c8aa950'
System info: os.name: 'Windows 11', os.arch: 'amd64', os.version: '10.0', java.version: '21.0.7'
Driver info: org.openqa.selenium.chrome.ChromeDriver
Command: [95da0ab4727bbb4cfb684b31e53fc711, findElement {value=//button[normalize-space()='Đăng nhập'], using=xpath}]
Capabilities {acceptInsecureCerts: false, browserName: chrome, browserVersion: 141.0.7390.108, chrome: {chromedriverVersion: 141.0.7390.78 (2b53b0e231fc..., userDataDir: C:\Users\Hieu\AppData\Local...}, fedcm:accounts: true, goog:chromeOptions: {debuggerAddress: localhost:50257}, networkConnectionEnabled: false, pageLoadStrategy: normal, platformName: windows, proxy: Proxy(), se:cdp: ws://localhost:50257/devtoo..., se:cdpVersion: 141.0.7390.108, setWindowRect: true, strictFileInteractability: false, timeouts: {implicit: 0, pageLoad: 300000, script: 30000}, unhandledPromptBehavior: dismiss and notify, webauthn:extension:credBlob: true, webauthn:extension:largeBlob: true, webauthn:extension:minPinLength: true, webauthn:extension:prf: true, webauthn:virtualAuthenticators: true}
Session ID: 95da0ab4727bbb4cfb684b31e53fc711
org.openqa.selenium.NoSuchSessionException: invalid session id: session deleted as the browser has closed the connection
from disconnected: not connected to DevTools
  (Session info: chrome=141.0.7390.108)
Build info: version: '4.32.0', revision: 'd17c8aa950'
System info: os.name: 'Windows 11', os.arch: 'amd64', os.version: '10.0', java.version: '21.0.7'
Driver info: org.openqa.selenium.chrome.ChromeDriver
Command: [95da0ab4727bbb4cfb684b31e53fc711, findElement {value=//button[normalize-space()='Đăng nhập'], using=xpath}]
Capabilities {acceptInsecureCerts: false, browserName: chrome, browserVersion: 141.0.7390.108, chrome: {chromedriverVersion: 141.0.7390.78 (2b53b0e231fc..., userDataDir: C:\Users\Hieu\AppData\Local...}, fedcm:accounts: true, goog:chromeOptions: {debuggerAddress: localhost:50257}, networkConnectionEnabled: false, pageLoadStrategy: normal, platformName: windows, proxy: Proxy(), se:cdp: ws://localhost:50257/devtoo..., se:cdpVersion: 141.0.7390.108, setWindowRect: true, strictFileInteractability: false, timeouts: {implicit: 0, pageLoad: 300000, script: 30000}, unhandledPromptBehavior: dismiss and notify, webauthn:extension:credBlob: true, webauthn:extension:largeBlob: true, webauthn:extension:minPinLength: true, webauthn:extension:prf: true, webauthn:virtualAuthenticators: true}
Session ID: 95da0ab4727bbb4cfb684b31e53fc711
	at java.base/jdk.internal.reflect.DirectConstructorHandleAccessor.newInstance(DirectConstructorHandleAccessor.java:62)
	at java.base/java.lang.reflect.Constructor.newInstanceWithCaller(Constructor.java:502)
	at java.base/java.lang.reflect.Constructor.newInstance(Constructor.java:486)
	at org.openqa.selenium.remote.ErrorCodec.decode(ErrorCodec.java:167)
	at org.openqa.selenium.remote.codec.w3c.W3CHttpResponseCodec.decode(W3CHttpResponseCodec.java:138)
	at org.openqa.selenium.remote.codec.w3c.W3CHttpResponseCodec.decode(W3CHttpResponseCodec.java:50)
	at org.openqa.selenium.remote.HttpCommandExecutor.execute(HttpCommandExecutor.java:215)
	at org.openqa.selenium.remote.service.DriverCommandExecutor.invokeExecute(DriverCommandExecutor.java:216)
	at org.openqa.selenium.remote.service.DriverCommandExecutor.execute(DriverCommandExecutor.java:174)
	at org.openqa.selenium.remote.RemoteWebDriver.execute(RemoteWebDriver.java:545)
	at org.openqa.selenium.remote.ElementLocation$ElementFinder$2.findElement(ElementLocation.java:165)
	at org.openqa.selenium.remote.ElementLocation.findElement(ElementLocation.java:59)
	at org.openqa.selenium.remote.RemoteWebDriver.findElement(RemoteWebDriver.java:368)
	at org.openqa.selenium.remote.RemoteWebDriver.findElement(RemoteWebDriver.java:362)
	at org.openqa.selenium.support.ui.ExpectedConditions$7.apply(ExpectedConditions.java:194)
	at org.openqa.selenium.support.ui.ExpectedConditions$7.apply(ExpectedConditions.java:190)
	at org.openqa.selenium.support.ui.FluentWait.until(FluentWait.java:203)
	at pages.signout.SignoutPage.verifyLoggedOut(SignoutPage.java:88)
	at scripts.SignoutTest.testLoginAndSignout(SignoutTest.java:45)
	at java.base/jdk.internal.reflect.DirectMethodHandleAccessor.invoke(DirectMethodHandleAccessor.java:103)
	at java.base/java.lang.reflect.Method.invoke(Method.java:580)
	at org.testng.internal.invokers.MethodInvocationHelper.invokeMethod(MethodInvocationHelper.java:141)
	at org.testng.internal.invokers.TestInvoker.invokeMethod(TestInvoker.java:687)
	at org.testng.internal.invokers.TestInvoker.invokeTestMethod(TestInvoker.java:230)
	at org.testng.internal.invokers.MethodRunner.runInSequence(MethodRunner.java:63)
	at org.testng.internal.invokers.TestInvoker$MethodInvocationAgent.invoke(TestInvoker.java:995)
	at org.testng.internal.invokers.TestInvoker.invokeTestMethods(TestInvoker.java:203)
	at org.testng.internal.invokers.TestMethodWorker.invokeTestMethods(TestMethodWorker.java:154)
	at org.testng.internal.invokers.TestMethodWorker.run(TestMethodWorker.java:134)
	at java.base/java.util.ArrayList.forEach(ArrayList.java:1596)
	at org.testng.TestRunner.privateRun(TestRunner.java:741)
	at org.testng.TestRunner.run(TestRunner.java:616)
	at org.testng.SuiteRunner.runTest(SuiteRunner.java:421)
	at org.testng.SuiteRunner.runSequentially(SuiteRunner.java:413)
	at org.testng.SuiteRunner.privateRun(SuiteRunner.java:373)
	at org.testng.SuiteRunner.run(SuiteRunner.java:312)
	at org.testng.SuiteRunnerWorker.runSuite(SuiteRunnerWorker.java:52)
	at org.testng.SuiteRunnerWorker.run(SuiteRunnerWorker.java:95)
	at org.testng.TestNG.runSuitesSequentially(TestNG.java:1274)
	at org.testng.TestNG.runSuitesLocally(TestNG.java:1208)
	at org.testng.TestNG.runSuites(TestNG.java:1112)
	at org.testng.TestNG.run(TestNG.java:1079)
	at com.intellij.rt.testng.IDEARemoteTestNG.run(IDEARemoteTestNG.java:65)
	at com.intellij.rt.testng.RemoteTestNGStarter.main(RemoteTestNGStarter.java:105)
[2025-10-19 13:43:45] [main] INFO  scripts.SignoutTest - 🔹 Test đăng nhập và đăng xuất với email: hieu002@gmail.com
[2025-10-19 13:43:45] [main] INFO  pages.signout.SignoutPage - Đang mở modal đăng nhập...
[2025-10-19 13:43:45] [main] INFO  pages.signout.SignoutPage - Đã mở modal đăng nhập thành công.
[2025-10-19 13:43:46] [main] INFO  scripts.SignoutTest - Đăng nhập thành công với user: hieu002@gmail.com
[2025-10-19 13:43:46] [main] INFO  pages.signout.SignoutPage - 👤 Mở menu người dùng (sau khi login)...
[2025-10-19 13:43:46] [main] INFO  pages.signout.SignoutPage - Click Sign out...
[2025-10-19 13:43:47] [main] INFO  pages.signout.SignoutPage - Click Sign out thành công.
[2025-10-19 13:43:53] [main] ERROR scripts.SignoutTest - Test thất bại: invalid session id: session deleted as the browser has closed the connection
from disconnected: not connected to DevTools
  (Session info: chrome=141.0.7390.108)
Build info: version: '4.32.0', revision: 'd17c8aa950'
System info: os.name: 'Windows 11', os.arch: 'amd64', os.version: '10.0', java.version: '21.0.7'
Driver info: org.openqa.selenium.chrome.ChromeDriver
Command: [12bd479f7aac98d17fd911fa8db42b5b, findElement {value=//button[normalize-space()='Đăng nhập'], using=xpath}]
Capabilities {acceptInsecureCerts: false, browserName: chrome, browserVersion: 141.0.7390.108, chrome: {chromedriverVersion: 141.0.7390.78 (2b53b0e231fc..., userDataDir: C:\Users\Hieu\AppData\Local...}, fedcm:accounts: true, goog:chromeOptions: {debuggerAddress: localhost:58986}, networkConnectionEnabled: false, pageLoadStrategy: normal, platformName: windows, proxy: Proxy(), se:cdp: ws://localhost:58986/devtoo..., se:cdpVersion: 141.0.7390.108, setWindowRect: true, strictFileInteractability: false, timeouts: {implicit: 0, pageLoad: 300000, script: 30000}, unhandledPromptBehavior: dismiss and notify, webauthn:extension:credBlob: true, webauthn:extension:largeBlob: true, webauthn:extension:minPinLength: true, webauthn:extension:prf: true, webauthn:virtualAuthenticators: true}
Session ID: 12bd479f7aac98d17fd911fa8db42b5b
org.openqa.selenium.NoSuchSessionException: invalid session id: session deleted as the browser has closed the connection
from disconnected: not connected to DevTools
  (Session info: chrome=141.0.7390.108)
Build info: version: '4.32.0', revision: 'd17c8aa950'
System info: os.name: 'Windows 11', os.arch: 'amd64', os.version: '10.0', java.version: '21.0.7'
Driver info: org.openqa.selenium.chrome.ChromeDriver
Command: [12bd479f7aac98d17fd911fa8db42b5b, findElement {value=//button[normalize-space()='Đăng nhập'], using=xpath}]
Capabilities {acceptInsecureCerts: false, browserName: chrome, browserVersion: 141.0.7390.108, chrome: {chromedriverVersion: 141.0.7390.78 (2b53b0e231fc..., userDataDir: C:\Users\Hieu\AppData\Local...}, fedcm:accounts: true, goog:chromeOptions: {debuggerAddress: localhost:58986}, networkConnectionEnabled: false, pageLoadStrategy: normal, platformName: windows, proxy: Proxy(), se:cdp: ws://localhost:58986/devtoo..., se:cdpVersion: 141.0.7390.108, setWindowRect: true, strictFileInteractability: false, timeouts: {implicit: 0, pageLoad: 300000, script: 30000}, unhandledPromptBehavior: dismiss and notify, webauthn:extension:credBlob: true, webauthn:extension:largeBlob: true, webauthn:extension:minPinLength: true, webauthn:extension:prf: true, webauthn:virtualAuthenticators: true}
Session ID: 12bd479f7aac98d17fd911fa8db42b5b
	at java.base/jdk.internal.reflect.DirectConstructorHandleAccessor.newInstance(DirectConstructorHandleAccessor.java:62)
	at java.base/java.lang.reflect.Constructor.newInstanceWithCaller(Constructor.java:502)
	at java.base/java.lang.reflect.Constructor.newInstance(Constructor.java:486)
	at org.openqa.selenium.remote.ErrorCodec.decode(ErrorCodec.java:167)
	at org.openqa.selenium.remote.codec.w3c.W3CHttpResponseCodec.decode(W3CHttpResponseCodec.java:138)
	at org.openqa.selenium.remote.codec.w3c.W3CHttpResponseCodec.decode(W3CHttpResponseCodec.java:50)
	at org.openqa.selenium.remote.HttpCommandExecutor.execute(HttpCommandExecutor.java:215)
	at org.openqa.selenium.remote.service.DriverCommandExecutor.invokeExecute(DriverCommandExecutor.java:216)
	at org.openqa.selenium.remote.service.DriverCommandExecutor.execute(DriverCommandExecutor.java:174)
	at org.openqa.selenium.remote.RemoteWebDriver.execute(RemoteWebDriver.java:545)
	at org.openqa.selenium.remote.ElementLocation$ElementFinder$2.findElement(ElementLocation.java:165)
	at org.openqa.selenium.remote.ElementLocation.findElement(ElementLocation.java:59)
	at org.openqa.selenium.remote.RemoteWebDriver.findElement(RemoteWebDriver.java:368)
	at org.openqa.selenium.remote.RemoteWebDriver.findElement(RemoteWebDriver.java:362)
	at org.openqa.selenium.support.ui.ExpectedConditions$7.apply(ExpectedConditions.java:194)
	at org.openqa.selenium.support.ui.ExpectedConditions$7.apply(ExpectedConditions.java:190)
	at org.openqa.selenium.support.ui.FluentWait.until(FluentWait.java:203)
	at pages.signout.SignoutPage.verifyLoggedOut(SignoutPage.java:88)
	at scripts.SignoutTest.testLoginAndSignout(SignoutTest.java:45)
	at java.base/jdk.internal.reflect.DirectMethodHandleAccessor.invoke(DirectMethodHandleAccessor.java:103)
	at java.base/java.lang.reflect.Method.invoke(Method.java:580)
	at org.testng.internal.invokers.MethodInvocationHelper.invokeMethod(MethodInvocationHelper.java:141)
	at org.testng.internal.invokers.TestInvoker.invokeMethod(TestInvoker.java:687)
	at org.testng.internal.invokers.TestInvoker.invokeTestMethod(TestInvoker.java:230)
	at org.testng.internal.invokers.MethodRunner.runInSequence(MethodRunner.java:63)
	at org.testng.internal.invokers.TestInvoker$MethodInvocationAgent.invoke(TestInvoker.java:995)
	at org.testng.internal.invokers.TestInvoker.invokeTestMethods(TestInvoker.java:203)
	at org.testng.internal.invokers.TestMethodWorker.invokeTestMethods(TestMethodWorker.java:154)
	at org.testng.internal.invokers.TestMethodWorker.run(TestMethodWorker.java:134)
	at java.base/java.util.ArrayList.forEach(ArrayList.java:1596)
	at org.testng.TestRunner.privateRun(TestRunner.java:741)
	at org.testng.TestRunner.run(TestRunner.java:616)
	at org.testng.SuiteRunner.runTest(SuiteRunner.java:421)
	at org.testng.SuiteRunner.runSequentially(SuiteRunner.java:413)
	at org.testng.SuiteRunner.privateRun(SuiteRunner.java:373)
	at org.testng.SuiteRunner.run(SuiteRunner.java:312)
	at org.testng.SuiteRunnerWorker.runSuite(SuiteRunnerWorker.java:52)
	at org.testng.SuiteRunnerWorker.run(SuiteRunnerWorker.java:95)
	at org.testng.TestNG.runSuitesSequentially(TestNG.java:1274)
	at org.testng.TestNG.runSuitesLocally(TestNG.java:1208)
	at org.testng.TestNG.runSuites(TestNG.java:1112)
	at org.testng.TestNG.run(TestNG.java:1079)
	at com.intellij.rt.testng.IDEARemoteTestNG.run(IDEARemoteTestNG.java:65)
	at com.intellij.rt.testng.RemoteTestNGStarter.main(RemoteTestNGStarter.java:105)
[2025-10-19 15:15:40] [main] INFO  scripts.SignoutTest - 🔹 Test đăng nhập và đăng xuất với email: hieu002@gmail.com
[2025-10-19 15:15:40] [main] INFO  pages.signout.SignoutPage - Đang mở modal đăng nhập...
[2025-10-19 15:15:41] [main] INFO  pages.signout.SignoutPage - Đã mở modal đăng nhập thành công.
[2025-10-19 15:15:41] [main] INFO  scripts.SignoutTest - Đăng nhập thành công với user: hieu002@gmail.com
[2025-10-19 15:15:41] [main] INFO  pages.signout.SignoutPage - 👤 Mở menu người dùng (sau khi login)...
[2025-10-19 15:15:42] [main] INFO  pages.signout.SignoutPage - Click Sign out...
[2025-10-19 15:15:42] [main] INFO  pages.signout.SignoutPage - Click Sign out thành công.
[2025-10-19 15:15:57] [main] ERROR pages.signout.SignoutPage - Không thấy nút 'Đăng nhập' sau khi logout.

